<?xml version="1.0" encoding="UTF-8"?>
<testng-results ignored="0" total="8" passed="8" failed="0" skipped="0">
  <reporter-output>
  </reporter-output>
  <suite started-at="2023-10-23T07:30:50 BST" name="Opencart" finished-at="2023-10-23T07:31:46 BST" duration-ms="56085">
    <groups>
    </groups>
    <test started-at="2023-10-23T07:30:50 BST" name="Open Cart Homepage Test" finished-at="2023-10-23T07:31:46 BST" duration-ms="56085">
      <class name="com.qa.opencart.tests.HomePageTests">
        <test-method is-config="true" signature="setup()[pri:0, instance:com.qa.opencart.tests.HomePageTests@9ebe38b]" started-at="2023-10-23T07:30:50 BST" name="setup" finished-at="2023-10-23T07:31:37 BST" duration-ms="46571" status="PASS">
          <reporter-output>
          </reporter-output>
        </test-method> <!-- setup -->
        <test-method signature="homePageTitleTest()[pri:0, instance:com.qa.opencart.tests.HomePageTests@9ebe38b]" started-at="2023-10-23T07:31:37 BST" name="homePageTitleTest" finished-at="2023-10-23T07:31:38 BST" duration-ms="798" status="PASS">
          <reporter-output>
          </reporter-output>
        </test-method> <!-- homePageTitleTest -->
        <test-method signature="homePageURLTest()[pri:0, instance:com.qa.opencart.tests.HomePageTests@9ebe38b]" started-at="2023-10-23T07:31:38 BST" name="homePageURLTest" finished-at="2023-10-23T07:31:38 BST" duration-ms="42" status="PASS">
          <reporter-output>
          </reporter-output>
        </test-method> <!-- homePageURLTest -->
        <test-method signature="searchTest(java.lang.String)[pri:0, instance:com.qa.opencart.tests.HomePageTests@9ebe38b]" started-at="2023-10-23T07:31:38 BST" name="searchTest" data-provider="getProductName" finished-at="2023-10-23T07:31:41 BST" duration-ms="2994" status="PASS">
          <params>
            <param index="0">
              <value>
                <![CDATA[Macbook]]>
              </value>
            </param>
          </params>
          <reporter-output>
          </reporter-output>
        </test-method> <!-- searchTest -->
        <test-method signature="searchTest(java.lang.String)[pri:0, instance:com.qa.opencart.tests.HomePageTests@9ebe38b]" started-at="2023-10-23T07:31:41 BST" name="searchTest" data-provider="getProductName" finished-at="2023-10-23T07:31:43 BST" duration-ms="1477" status="PASS">
          <params>
            <param index="0">
              <value>
                <![CDATA[iMac]]>
              </value>
            </param>
          </params>
          <reporter-output>
          </reporter-output>
        </test-method> <!-- searchTest -->
        <test-method signature="searchTest(java.lang.String)[pri:0, instance:com.qa.opencart.tests.HomePageTests@9ebe38b]" started-at="2023-10-23T07:31:43 BST" name="searchTest" data-provider="getProductName" finished-at="2023-10-23T07:31:44 BST" duration-ms="1604" status="PASS">
          <params>
            <param index="0">
              <value>
                <![CDATA[Samsung]]>
              </value>
            </param>
          </params>
          <reporter-output>
          </reporter-output>
        </test-method> <!-- searchTest -->
        <test-method is-config="true" signature="tearDown()[pri:0, instance:com.qa.opencart.tests.HomePageTests@9ebe38b]" started-at="2023-10-23T07:31:46 BST" name="tearDown" finished-at="2023-10-23T07:31:46 BST" duration-ms="2" status="PASS">
          <reporter-output>
          </reporter-output>
        </test-method> <!-- tearDown -->
      </class> <!-- com.qa.opencart.tests.HomePageTests -->
    </test> <!-- Open Cart Homepage Test -->
    <test started-at="2023-10-23T07:30:50 BST" name="Open Cart LoginPage Test" finished-at="2023-10-23T07:31:44 BST" duration-ms="53611">
      <class name="com.qa.opencart.tests.LoginPageTest">
        <test-method is-config="true" signature="setup()[pri:0, instance:com.qa.opencart.tests.LoginPageTest@554e218]" started-at="2023-10-23T07:30:50 BST" name="setup" finished-at="2023-10-23T07:31:36 BST" duration-ms="45986" status="PASS">
          <reporter-output>
          </reporter-output>
        </test-method> <!-- setup -->
        <test-method signature="loginPageNavigationTest()[pri:1, instance:com.qa.opencart.tests.LoginPageTest@554e218]" started-at="2023-10-23T07:31:37 BST" name="loginPageNavigationTest" finished-at="2023-10-23T07:31:42 BST" duration-ms="4810" status="PASS">
          <reporter-output>
          </reporter-output>
        </test-method> <!-- loginPageNavigationTest -->
        <test-method signature="forgotPwdLinkTest()[pri:2, instance:com.qa.opencart.tests.LoginPageTest@554e218]" started-at="2023-10-23T07:31:42 BST" name="forgotPwdLinkTest" finished-at="2023-10-23T07:31:42 BST" duration-ms="134" status="PASS">
          <reporter-output>
          </reporter-output>
        </test-method> <!-- forgotPwdLinkTest -->
        <test-method signature="appLoginTest()[pri:3, instance:com.qa.opencart.tests.LoginPageTest@554e218]" started-at="2023-10-23T07:31:42 BST" name="appLoginTest" finished-at="2023-10-23T07:31:44 BST" duration-ms="1769" status="PASS">
          <reporter-output>
          </reporter-output>
        </test-method> <!-- appLoginTest -->
        <test-method is-config="true" signature="tearDown()[pri:0, instance:com.qa.opencart.tests.LoginPageTest@554e218]" started-at="2023-10-23T07:31:44 BST" name="tearDown" finished-at="2023-10-23T07:31:44 BST" duration-ms="5" status="PASS">
          <reporter-output>
          </reporter-output>
        </test-method> <!-- tearDown -->
      </class> <!-- com.qa.opencart.tests.LoginPageTest -->
    </test> <!-- Open Cart LoginPage Test -->
  </suite> <!-- Opencart -->
</testng-results>
