<?xml version="1.0" encoding="UTF-8"?>
<!-- Generated by org.testng.reporters.JUnitXMLReporter -->
<testsuite ignored="0" hostname="DESKTOP-0K2A0LK" failures="0" tests="3" name="Default test" time="25.819" errors="0" timestamp="2023-10-22T14:20:53 BST">
  <testcase classname="com.qa.opencart.tests.LoginPageTest" name="loginPageNavigationTest" time="1.383"/>
  <testcase classname="com.qa.opencart.tests.LoginPageTest" name="forgotPwdLinkTest" time="0.104"/>
  <testcase classname="com.qa.opencart.tests.LoginPageTest" name="appLoginTest" time="1.268"/>
</testsuite> <!-- Default test -->
