<?xml version="1.0" encoding="UTF-8"?>
<!-- Generated by org.testng.reporters.JUnitXMLReporter -->
<testsuite ignored="0" hostname="DESKTOP-0K2A0LK" failures="0" tests="5" name="Open Cart Homepage Test" time="56.085" errors="0" timestamp="2023-10-23T07:31:47 BST">
  <testcase classname="com.qa.opencart.tests.HomePageTests" name="homePageTitleTest" time="0.798"/>
  <testcase classname="com.qa.opencart.tests.HomePageTests" name="homePageURLTest" time="0.042"/>
  <testcase classname="com.qa.opencart.tests.HomePageTests" name="searchTest" time="2.994"/>
  <testcase classname="com.qa.opencart.tests.HomePageTests" name="searchTest" time="1.477"/>
  <testcase classname="com.qa.opencart.tests.HomePageTests" name="searchTest" time="1.604"/>
</testsuite> <!-- Open Cart Homepage Test -->
